TN:
SF:src/services/imageGeneration.ts
FN:30,(anonymous_0)
FNF:1
FNH:1
FNDA:4,(anonymous_0)
DA:1,1
DA:27,1
DA:28,1
DA:30,1
DA:32,4
DA:33,4
DA:34,1
DA:37,3
DA:44,3
DA:47,2
DA:53,2
LF:11
LH:11
BRDA:33,0,0,1
BRF:1
BRH:1
end_of_record
TN:
SF:src/services/redisApi.ts
FN:4,(anonymous_0)
FN:14,(anonymous_1)
FN:20,(anonymous_2)
FN:26,(anonymous_3)
FN:46,(anonymous_4)
FN:52,(anonymous_5)
FN:57,(anonymous_6)
FN:68,(anonymous_7)
FN:74,(anonymous_8)
FN:80,(anonymous_9)
FNF:10
FNH:0
FNDA:0,(anonymous_0)
FNDA:0,(anonymous_1)
FNDA:0,(anonymous_2)
FNDA:0,(anonymous_3)
FNDA:0,(anonymous_4)
FNDA:0,(anonymous_5)
FNDA:0,(anonymous_6)
FNDA:0,(anonymous_7)
FNDA:0,(anonymous_8)
FNDA:0,(anonymous_9)
DA:1,1
DA:3,1
DA:5,0
DA:15,0
DA:16,0
DA:17,0
DA:21,0
DA:28,0
DA:30,0
DA:42,0
DA:43,0
DA:47,0
DA:48,0
DA:49,0
DA:53,0
DA:54,0
DA:58,0
DA:65,0
DA:69,0
DA:75,0
DA:81,0
DA:82,0
DA:86,1
LF:23
LH:3
BRDA:26,0,0,0
BRDA:80,1,0,0
BRF:2
BRH:0
end_of_record
